TN:
SF:src\index.js
FNF:0
FNH:0
DA:8,0
LF:1
LH:0
BRF:0
BRH:0
end_of_record
TN:
SF:src\components\Profile\Logoutpage.js
FN:5,(anonymous_0)
FNF:1
FNH:0
FNDA:0,(anonymous_0)
DA:5,0
DA:6,0
LF:2
LH:0
BRF:0
BRH:0
end_of_record
TN:
SF:src\components\Profile\ProfileContext.js
FN:7,profileReducer
FN:12,(anonymous_1)
FN:28,ProfileProvider
FN:31,(anonymous_3)
FN:44,useProfile
FNF:5
FNH:0
FNDA:0,profileReducer
FNDA:0,(anonymous_1)
FNDA:0,ProfileProvider
FNDA:0,(anonymous_3)
FNDA:0,useProfile
DA:5,0
DA:8,0
DA:10,0
DA:12,0
DA:17,0
DA:23,0
DA:29,0
DA:33,0
DA:35,0
DA:37,0
DA:45,0
DA:46,0
DA:47,0
DA:49,0
LF:14
LH:0
BRDA:8,0,0,0
BRDA:8,0,1,0
BRDA:8,0,2,0
BRDA:46,1,0,0
BRDA:46,1,1,0
BRF:5
BRH:0
end_of_record
TN:
SF:src\components\Profile\Profilepage.js
FN:6,(anonymous_0)
FN:11,(anonymous_1)
FN:30,(anonymous_2)
FNF:3
FNH:0
FNDA:0,(anonymous_0)
FNDA:0,(anonymous_1)
FNDA:0,(anonymous_2)
DA:6,0
DA:9,0
DA:11,0
DA:12,0
DA:13,0
DA:30,0
DA:33,0
DA:34,0
DA:62,0
DA:63,0
DA:74,0
LF:11
LH:0
BRF:0
BRH:0
end_of_record
TN:
SF:src\components\app\App.js
FN:27,(anonymous_0)
FN:38,(anonymous_1)
FN:39,(anonymous_2)
FN:40,(anonymous_3)
FN:41,(anonymous_4)
FN:42,(anonymous_5)
FN:43,(anonymous_6)
FN:44,(anonymous_7)
FNF:8
FNH:0
FNDA:0,(anonymous_0)
FNDA:0,(anonymous_1)
FNDA:0,(anonymous_2)
FNDA:0,(anonymous_3)
FNDA:0,(anonymous_4)
FNDA:0,(anonymous_5)
FNDA:0,(anonymous_6)
FNDA:0,(anonymous_7)
DA:22,0
DA:27,0
DA:28,0
DA:38,0
DA:39,0
DA:40,0
DA:41,0
DA:42,0
DA:43,0
DA:44,0
LF:10
LH:0
BRF:0
BRH:0
end_of_record
TN:
SF:src\components\checkout-page\CartContext.js
FN:5,cartReducer
FN:10,(anonymous_1)
FN:25,CartProvider
FN:29,(anonymous_3)
FN:42,useCart
FNF:5
FNH:0
FNDA:0,cartReducer
FNDA:0,(anonymous_1)
FNDA:0,CartProvider
FNDA:0,(anonymous_3)
FNDA:0,useCart
DA:3,2
DA:6,0
DA:8,0
DA:10,0
DA:14,0
DA:20,0
DA:26,0
DA:31,0
DA:33,0
DA:35,0
DA:43,0
DA:44,0
DA:45,0
DA:47,0
LF:14
LH:1
BRDA:6,0,0,0
BRDA:6,0,1,0
BRDA:6,0,2,0
BRDA:44,1,0,0
BRDA:44,1,1,0
BRF:5
BRH:0
end_of_record
TN:
SF:src\components\checkout-page\CheckoutPage.js
FN:18,(anonymous_0)
FN:27,(anonymous_1)
FN:33,(anonymous_2)
FN:38,(anonymous_3)
FN:47,(anonymous_4)
FN:49,(anonymous_5)
FN:82,(anonymous_6)
FNF:7
FNH:0
FNDA:0,(anonymous_0)
FNDA:0,(anonymous_1)
FNDA:0,(anonymous_2)
FNDA:0,(anonymous_3)
FNDA:0,(anonymous_4)
FNDA:0,(anonymous_5)
FNDA:0,(anonymous_6)
DA:18,0
DA:19,0
DA:20,0
DA:23,0
DA:25,0
DA:27,0
DA:28,0
DA:31,0
DA:33,0
DA:34,0
DA:37,0
DA:38,0
DA:39,0
DA:40,0
DA:42,0
DA:45,0
DA:47,0
DA:48,0
DA:49,0
DA:50,0
DA:59,0
DA:60,0
DA:61,0
DA:62,0
DA:63,0
DA:64,0
DA:65,0
DA:67,0
DA:68,0
DA:69,0
DA:70,0
DA:71,0
DA:73,0
DA:74,0
DA:76,0
DA:82,0
DA:83,0
DA:94,0
DA:95,0
DA:99,0
LF:40
LH:0
BRDA:39,0,0,0
BRDA:39,0,1,0
BRDA:48,1,0,0
BRDA:48,1,1,0
BRDA:60,2,0,0
BRDA:60,2,1,0
BRF:6
BRH:0
end_of_record
TN:
SF:src\components\checkout-page\CheckoutService.js
FN:11,makePurchase
FN:18,(anonymous_1)
FN:19,(anonymous_2)
FNF:3
FNH:0
FNDA:0,makePurchase
FNDA:0,(anonymous_1)
FNDA:0,(anonymous_2)
DA:12,0
DA:18,0
DA:21,0
LF:3
LH:0
BRF:0
BRH:0
end_of_record
TN:
SF:src\components\checkout-page\OrderItem.js
FN:10,(anonymous_0)
FNF:1
FNH:0
FNDA:0,(anonymous_0)
DA:10,0
DA:13,0
LF:2
LH:0
BRF:0
BRH:0
end_of_record
TN:
SF:src\components\checkout-page\ReviewOrderWidget.js
FN:13,(anonymous_0)
FN:20,(anonymous_1)
FNF:2
FNH:0
FNDA:0,(anonymous_0)
FNDA:0,(anonymous_1)
DA:13,0
DA:16,0
DA:17,0
DA:18,0
DA:23,0
LF:5
LH:0
BRF:0
BRH:0
end_of_record
TN:
SF:src\components\checkout-page\ReviewOrderWidgetService.js
FN:6,(anonymous_0)
FN:13,(anonymous_1)
FN:14,(anonymous_2)
FNF:3
FNH:3
FNDA:3,(anonymous_0)
FNDA:1,(anonymous_1)
FNDA:2,(anonymous_2)
DA:6,3
DA:13,1
DA:14,2
LF:3
LH:3
BRF:0
BRH:0
end_of_record
TN:
SF:src\components\checkout-page\cartLogic.js
FN:3,(anonymous_0)
FN:19,(anonymous_1)
FNF:2
FNH:0
FNDA:0,(anonymous_0)
FNDA:0,(anonymous_1)
DA:3,0
DA:5,0
DA:9,0
DA:11,0
DA:13,0
DA:15,0
DA:16,0
DA:18,0
DA:19,0
DA:22,0
DA:23,0
DA:24,0
DA:27,0
DA:40,0
LF:14
LH:0
BRDA:11,0,0,0
BRDA:11,0,1,0
BRDA:16,1,0,0
BRDA:16,1,1,0
BRF:4
BRH:0
end_of_record
TN:
SF:src\components\checkout-page\forms\BillingDetails.js
FN:11,(anonymous_0)
FNF:1
FNH:0
FNDA:0,(anonymous_0)
DA:11,0
DA:14,0
DA:15,0
DA:16,0
DA:17,0
DA:19,0
LF:6
LH:0
BRDA:16,0,0,0
BRDA:16,0,1,0
BRDA:22,1,0,0
BRDA:22,1,1,0
BRF:4
BRH:0
end_of_record
TN:
SF:src\components\checkout-page\forms\DeliveryAddress.js
FN:11,(anonymous_0)
FNF:1
FNH:0
FNDA:0,(anonymous_0)
DA:11,0
DA:12,0
DA:14,0
DA:15,0
DA:16,0
DA:18,0
LF:6
LH:0
BRDA:15,0,0,0
BRDA:15,0,1,0
BRF:2
BRH:0
end_of_record
TN:
SF:src\components\confirmation-page\ConfirmationPage.js
FN:8,(anonymous_0)
FNF:1
FNH:0
FNDA:0,(anonymous_0)
DA:8,0
DA:9,0
LF:2
LH:0
BRF:0
BRH:0
end_of_record
TN:
SF:src\components\footer\Footer.js
FN:8,(anonymous_0)
FNF:1
FNH:0
FNDA:0,(anonymous_0)
DA:8,0
DA:9,0
LF:2
LH:0
BRF:0
BRH:0
end_of_record
TN:
SF:src\components\form\FormItem.js
FN:9,(anonymous_0)
FNF:1
FNH:0
FNDA:0,(anonymous_0)
DA:9,0
DA:12,0
LF:2
LH:0
BRDA:16,0,0,0
BRDA:16,0,1,0
BRDA:26,1,0,0
BRDA:26,1,1,0
BRDA:36,2,0,0
BRDA:36,2,1,0
BRDA:37,3,0,0
BRDA:37,3,1,0
BRF:8
BRH:0
end_of_record
TN:
SF:src\components\form\FormItemDropdown.js
FN:9,(anonymous_0)
FN:24,(anonymous_1)
FN:41,(anonymous_2)
FNF:3
FNH:0
FNDA:0,(anonymous_0)
FNDA:0,(anonymous_1)
FNDA:0,(anonymous_2)
DA:9,0
DA:13,0
DA:25,0
DA:42,0
LF:4
LH:0
BRDA:17,0,0,0
BRDA:17,0,1,0
BRDA:34,1,0,0
BRDA:34,1,1,0
BRDA:51,2,0,0
BRDA:51,2,1,0
BRDA:52,3,0,0
BRDA:52,3,1,0
BRF:8
BRH:0
end_of_record
TN:
SF:src\components\form\FormValidate.js
FN:9,validateForm
FNF:1
FNH:0
FNDA:0,validateForm
DA:10,0
DA:11,0
DA:12,0
DA:14,0
DA:15,0
DA:17,0
DA:18,0
DA:20,0
DA:21,0
DA:23,0
DA:24,0
DA:26,0
DA:27,0
DA:29,0
DA:30,0
DA:31,0
DA:33,0
DA:34,0
DA:36,0
DA:37,0
DA:39,0
DA:40,0
DA:43,0
DA:44,0
DA:46,0
DA:47,0
DA:49,0
DA:50,0
DA:52,0
DA:53,0
DA:55,0
DA:56,0
DA:58,0
DA:60,0
DA:61,0
DA:64,0
DA:65,0
DA:67,0
DA:68,0
DA:70,0
DA:71,0
DA:74,0
DA:75,0
DA:77,0
DA:78,0
DA:81,0
DA:82,0
DA:83,0
DA:84,0
DA:85,0
DA:87,0
DA:88,0
DA:89,0
DA:90,0
DA:91,0
DA:92,0
DA:93,0
DA:95,0
DA:96,0
DA:98,0
DA:99,0
DA:102,0
LF:62
LH:0
BRDA:11,0,0,0
BRDA:11,0,1,0
BRDA:11,1,0,0
BRDA:11,1,1,0
BRDA:14,2,0,0
BRDA:14,2,1,0
BRDA:14,3,0,0
BRDA:14,3,1,0
BRDA:17,4,0,0
BRDA:17,4,1,0
BRDA:17,5,0,0
BRDA:17,5,1,0
BRDA:20,6,0,0
BRDA:20,6,1,0
BRDA:20,7,0,0
BRDA:20,7,1,0
BRDA:23,8,0,0
BRDA:23,8,1,0
BRDA:23,9,0,0
BRDA:23,9,1,0
BRDA:23,9,2,0
BRDA:26,10,0,0
BRDA:26,10,1,0
BRDA:26,11,0,0
BRDA:26,11,1,0
BRDA:29,12,0,0
BRDA:29,12,1,0
BRDA:30,13,0,0
BRDA:30,13,1,0
BRDA:30,14,0,0
BRDA:30,14,1,0
BRDA:33,15,0,0
BRDA:33,15,1,0
BRDA:33,16,0,0
BRDA:33,16,1,0
BRDA:36,17,0,0
BRDA:36,17,1,0
BRDA:36,18,0,0
BRDA:36,18,1,0
BRDA:36,18,2,0
BRDA:39,19,0,0
BRDA:39,19,1,0
BRDA:39,20,0,0
BRDA:39,20,1,0
BRDA:43,21,0,0
BRDA:43,21,1,0
BRDA:43,22,0,0
BRDA:43,22,1,0
BRDA:46,23,0,0
BRDA:46,23,1,0
BRDA:46,24,0,0
BRDA:46,24,1,0
BRDA:49,25,0,0
BRDA:49,25,1,0
BRDA:49,26,0,0
BRDA:49,26,1,0
BRDA:52,27,0,0
BRDA:52,27,1,0
BRDA:56,28,0,0
BRDA:56,28,1,0
BRDA:56,29,0,0
BRDA:56,29,1,0
BRDA:60,30,0,0
BRDA:60,30,1,0
BRDA:60,31,0,0
BRDA:60,31,1,0
BRDA:64,32,0,0
BRDA:64,32,1,0
BRDA:64,33,0,0
BRDA:64,33,1,0
BRDA:67,34,0,0
BRDA:67,34,1,0
BRDA:70,35,0,0
BRDA:70,35,1,0
BRDA:74,36,0,0
BRDA:74,36,1,0
BRDA:74,37,0,0
BRDA:74,37,1,0
BRDA:77,38,0,0
BRDA:77,38,1,0
BRDA:77,39,0,0
BRDA:77,39,1,0
BRDA:84,40,0,0
BRDA:84,40,1,0
BRDA:90,41,0,0
BRDA:90,41,1,0
BRDA:90,42,0,0
BRDA:90,42,1,0
BRDA:90,42,2,0
BRDA:92,43,0,0
BRDA:92,43,1,0
BRDA:92,44,0,0
BRDA:92,44,1,0
BRDA:92,44,2,0
BRDA:95,45,0,0
BRDA:95,45,1,0
BRDA:98,46,0,0
BRDA:98,46,1,0
BRF:98
BRH:0
end_of_record
TN:
SF:src\components\header\Header.js
FN:15,(anonymous_0)
FN:28,(anonymous_1)
FN:52,(anonymous_2)
FN:62,(anonymous_3)
FN:73,(anonymous_4)
FN:79,(anonymous_5)
FNF:6
FNH:0
FNDA:0,(anonymous_0)
FNDA:0,(anonymous_1)
FNDA:0,(anonymous_2)
FNDA:0,(anonymous_3)
FNDA:0,(anonymous_4)
FNDA:0,(anonymous_5)
DA:15,0
DA:16,0
DA:17,0
DA:18,0
DA:19,0
DA:20,0
DA:22,0
DA:28,0
DA:29,0
DA:30,0
DA:35,0
DA:36,0
DA:44,0
DA:45,0
DA:52,0
DA:53,0
DA:62,0
DA:63,0
DA:64,0
DA:65,0
DA:66,0
DA:73,0
DA:74,0
DA:79,0
DA:80,0
DA:84,0
LF:26
LH:0
BRDA:86,0,0,0
BRDA:86,0,1,0
BRDA:102,1,0,0
BRDA:102,1,1,0
BRDA:103,2,0,0
BRDA:103,2,1,0
BRDA:104,3,0,0
BRDA:104,3,1,0
BRDA:105,4,0,0
BRDA:105,4,1,0
BRDA:106,5,0,0
BRDA:106,5,1,0
BRDA:107,6,0,0
BRDA:107,6,1,0
BRF:14
BRH:0
end_of_record
TN:
SF:src\components\header\HeaderService.js
FN:9,(anonymous_0)
FN:13,(anonymous_1)
FN:23,(anonymous_2)
FN:27,(anonymous_3)
FN:39,(anonymous_4)
FN:41,(anonymous_5)
FN:47,(anonymous_6)
FN:51,(anonymous_7)
FN:63,(anonymous_8)
FNF:9
FNH:0
FNDA:0,(anonymous_0)
FNDA:0,(anonymous_1)
FNDA:0,(anonymous_2)
FNDA:0,(anonymous_3)
FNDA:0,(anonymous_4)
FNDA:0,(anonymous_5)
FNDA:0,(anonymous_6)
FNDA:0,(anonymous_7)
FNDA:0,(anonymous_8)
DA:9,0
DA:12,0
DA:14,0
DA:15,0
DA:16,0
DA:18,0
DA:19,0
DA:21,0
DA:24,0
DA:25,0
DA:29,0
DA:39,0
DA:40,0
DA:42,0
DA:43,0
DA:45,0
DA:48,0
DA:49,0
DA:52,0
DA:63,0
DA:64,0
DA:65,0
DA:66,0
LF:23
LH:0
BRDA:14,0,0,0
BRDA:14,0,1,0
BRDA:18,1,0,0
BRDA:18,1,1,0
BRDA:42,2,0,0
BRDA:42,2,1,0
BRDA:65,3,0,0
BRDA:65,3,1,0
BRF:8
BRH:0
end_of_record
TN:
SF:src\components\home-page\HomePage.js
FN:9,(anonymous_0)
FNF:1
FNH:0
FNDA:0,(anonymous_0)
DA:9,0
LF:1
LH:0
BRF:0
BRH:0
end_of_record
TN:
SF:src\components\maintenance-page\MaintenancePage.js
FN:14,(anonymous_0)
FN:18,(anonymous_1)
FN:57,(anonymous_2)
FNF:3
FNH:0
FNDA:0,(anonymous_0)
FNDA:0,(anonymous_1)
FNDA:0,(anonymous_2)
DA:14,0
DA:15,0
DA:16,0
DA:18,0
DA:19,0
DA:22,0
DA:58,0
LF:7
LH:0
BRDA:24,0,0,0
BRDA:24,0,1,0
BRF:2
BRH:0
end_of_record
TN:
SF:src\components\maintenance-page\MaintenancePageService.js
FN:12,fetchProducts
FN:14,(anonymous_1)
FN:21,(anonymous_2)
FNF:3
FNH:0
FNDA:0,fetchProducts
FNDA:0,(anonymous_1)
FNDA:0,(anonymous_2)
DA:13,0
DA:15,0
DA:16,0
DA:18,0
DA:22,0
LF:5
LH:0
BRDA:15,0,0,0
BRDA:15,0,1,0
BRF:2
BRH:0
end_of_record
TN:
SF:src\components\product-card\ProductCard.js
FN:26,(anonymous_0)
FN:55,(anonymous_1)
FN:60,(anonymous_2)
FN:76,(anonymous_3)
FN:79,(anonymous_4)
FN:89,(anonymous_5)
FN:106,(anonymous_6)
FN:114,(anonymous_7)
FN:129,(anonymous_8)
FNF:9
FNH:0
FNDA:0,(anonymous_0)
FNDA:0,(anonymous_1)
FNDA:0,(anonymous_2)
FNDA:0,(anonymous_3)
FNDA:0,(anonymous_4)
FNDA:0,(anonymous_5)
FNDA:0,(anonymous_6)
FNDA:0,(anonymous_7)
FNDA:0,(anonymous_8)
DA:26,2
DA:55,2
DA:56,0
DA:57,0
DA:58,0
DA:60,0
DA:61,0
DA:74,0
DA:76,0
DA:77,0
DA:79,0
DA:80,0
DA:82,0
DA:90,0
DA:107,0
DA:115,0
DA:130,0
LF:17
LH:2
BRDA:84,0,0,0
BRDA:84,0,1,0
BRF:2
BRH:0
end_of_record
TN:
SF:src\components\product-page\Pagination.js
FN:8,(anonymous_0)
FN:30,(anonymous_1)
FN:34,(anonymous_2)
FN:52,(anonymous_3)
FN:57,(anonymous_4)
FNF:5
FNH:1
FNDA:4,(anonymous_0)
FNDA:0,(anonymous_1)
FNDA:0,(anonymous_2)
FNDA:0,(anonymous_3)
FNDA:0,(anonymous_4)
DA:8,2
DA:16,4
DA:18,4
DA:26,4
DA:27,4
DA:30,0
DA:31,0
DA:34,0
DA:35,0
DA:38,0
DA:39,0
DA:53,0
DA:57,0
LF:13
LH:5
BRDA:12,0,0,4
BRDA:26,1,0,4
BRDA:26,1,1,0
BRDA:26,2,0,4
BRDA:26,2,1,4
BRF:5
BRH:4
end_of_record
TN:
SF:src\components\product-page\ProductCardModal.js
FN:13,(anonymous_0)
FN:19,(anonymous_1)
FN:34,(anonymous_2)
FN:41,(anonymous_3)
FN:48,(anonymous_4)
FN:55,(anonymous_5)
FN:63,(anonymous_6)
FN:77,(anonymous_7)
FN:86,(anonymous_8)
FNF:9
FNH:0
FNDA:0,(anonymous_0)
FNDA:0,(anonymous_1)
FNDA:0,(anonymous_2)
FNDA:0,(anonymous_3)
FNDA:0,(anonymous_4)
FNDA:0,(anonymous_5)
FNDA:0,(anonymous_6)
FNDA:0,(anonymous_7)
FNDA:0,(anonymous_8)
DA:13,2
DA:14,0
DA:15,0
DA:16,0
DA:17,0
DA:19,0
DA:20,0
DA:34,0
DA:35,0
DA:36,0
DA:38,0
DA:41,0
DA:42,0
DA:43,0
DA:45,0
DA:48,0
DA:49,0
DA:50,0
DA:52,0
DA:53,0
DA:55,0
DA:56,0
DA:57,0
DA:59,0
DA:60,0
DA:63,0
DA:64,0
DA:65,0
DA:67,0
DA:69,0
DA:70,0
DA:73,0
DA:74,0
DA:77,0
DA:78,0
DA:82,0
DA:86,0
DA:87,0
DA:88,0
DA:91,0
LF:40
LH:1
BRDA:35,0,0,0
BRDA:35,0,1,0
BRDA:42,1,0,0
BRDA:42,1,1,0
BRDA:49,2,0,0
BRDA:49,2,1,0
BRDA:56,3,0,0
BRDA:56,3,1,0
BRDA:64,4,0,0
BRDA:64,4,1,0
BRDA:69,5,0,0
BRDA:69,5,1,0
BRDA:78,6,0,0
BRDA:78,6,1,0
BRDA:78,7,0,0
BRDA:78,7,1,0
BRDA:78,7,2,0
BRDA:78,7,3,0
BRDA:78,7,4,0
BRDA:78,7,5,0
BRDA:78,7,6,0
BRDA:78,7,7,0
BRDA:78,7,8,0
BRDA:78,7,9,0
BRDA:78,7,10,0
BRDA:78,7,11,0
BRDA:78,7,12,0
BRDA:78,7,13,0
BRDA:78,7,14,0
BRDA:78,7,15,0
BRDA:78,7,16,0
BRDA:78,7,17,0
BRDA:78,7,18,0
BRDA:78,7,19,0
BRDA:78,7,20,0
BRDA:87,8,0,0
BRDA:87,8,1,0
BRDA:87,9,0,0
BRDA:87,9,1,0
BRDA:141,10,0,0
BRDA:141,10,1,0
BRDA:147,11,0,0
BRDA:147,11,1,0
BRF:43
BRH:0
end_of_record
TN:
SF:src\components\product-page\ProductPage.js
FN:18,(anonymous_0)
FN:26,(anonymous_1)
FN:30,(anonymous_2)
FN:34,(anonymous_3)
FN:37,(anonymous_4)
FN:67,(anonymous_5)
FN:80,(anonymous_6)
FNF:7
FNH:4
FNDA:5,(anonymous_0)
FNDA:3,(anonymous_1)
FNDA:3,(anonymous_2)
FNDA:3,(anonymous_3)
FNDA:0,(anonymous_4)
FNDA:0,(anonymous_5)
FNDA:0,(anonymous_6)
DA:18,2
DA:19,5
DA:20,5
DA:21,5
DA:22,5
DA:23,5
DA:24,5
DA:26,5
DA:27,3
DA:30,5
DA:31,3
DA:34,5
DA:35,3
DA:37,5
DA:38,0
DA:41,5
DA:68,0
DA:80,0
LF:18
LH:15
BRDA:46,0,0,5
BRDA:46,0,1,1
BRDA:47,1,0,5
BRDA:47,1,1,4
BRDA:47,1,2,2
BRDA:47,1,3,2
BRDA:53,2,0,5
BRDA:53,2,1,0
BRDA:61,3,0,5
BRDA:61,3,1,5
BRDA:62,4,0,5
BRDA:62,4,1,0
BRDA:66,5,0,5
BRDA:66,5,1,0
BRF:14
BRH:11
end_of_record
TN:
SF:src\components\product-page\ProductPageService.js
FN:12,fetchProducts
FN:15,(anonymous_1)
FN:22,(anonymous_2)
FNF:3
FNH:1
FNDA:2,fetchProducts
FNDA:0,(anonymous_1)
FNDA:0,(anonymous_2)
DA:13,2
DA:14,2
DA:16,0
DA:17,0
DA:19,0
DA:23,0
DA:25,0
LF:7
LH:2
BRDA:16,0,0,0
BRDA:16,0,1,0
BRF:2
BRH:0
end_of_record
TN:
SF:src\components\product-page\UsePagination.js
FN:21,(anonymous_0)
FN:24,(anonymous_1)
FN:30,(anonymous_2)
FN:32,(anonymous_3)
FNF:4
FNH:3
FNDA:4,(anonymous_0)
FNDA:2,(anonymous_1)
FNDA:0,(anonymous_2)
FNDA:2,(anonymous_3)
DA:21,2
DA:24,4
DA:25,2
DA:30,2
DA:32,4
DA:33,2
DA:35,2
DA:37,2
DA:38,2
DA:41,0
DA:42,0
DA:46,0
DA:47,0
DA:50,0
DA:51,0
DA:52,0
DA:53,0
DA:54,0
DA:55,0
DA:57,0
DA:60,0
DA:62,0
DA:65,0
DA:66,0
DA:67,0
DA:68,0
DA:72,0
DA:74,0
DA:78,0
DA:81,0
DA:82,0
DA:83,0
DA:85,0
DA:88,4
LF:34
LH:10
BRDA:37,0,0,2
BRDA:37,0,1,0
BRDA:50,1,0,0
BRDA:50,1,1,0
BRDA:50,2,0,0
BRDA:50,2,1,0
BRDA:52,3,0,0
BRDA:52,3,1,0
BRDA:54,4,0,0
BRDA:54,4,1,0
BRDA:65,5,0,0
BRDA:65,5,1,0
BRDA:65,6,0,0
BRDA:65,6,1,0
BRDA:67,7,0,0
BRDA:67,7,1,0
BRDA:67,8,0,0
BRDA:67,8,1,0
BRDA:81,9,0,0
BRDA:81,9,1,0
BRDA:81,10,0,0
BRDA:81,10,1,0
BRF:22
BRH:1
end_of_record
TN:
SF:src\components\product-page\productCountPageService.js
FN:12,fetchProductsCount
FN:14,(anonymous_1)
FN:21,(anonymous_2)
FNF:3
FNH:1
FNDA:3,fetchProductsCount
FNDA:0,(anonymous_1)
FNDA:0,(anonymous_2)
DA:13,3
DA:15,0
DA:16,0
DA:18,0
DA:22,0
LF:5
LH:1
BRDA:15,0,0,0
BRDA:15,0,1,0
BRF:2
BRH:0
end_of_record
TN:
SF:src\components\product-page\filter-menu\FilterMenu.js
FN:9,(anonymous_0)
FN:18,(anonymous_1)
FN:42,(anonymous_2)
FN:58,(anonymous_3)
FNF:4
FNH:2
FNDA:4,(anonymous_0)
FNDA:1,(anonymous_1)
FNDA:0,(anonymous_2)
FNDA:0,(anonymous_3)
DA:9,2
DA:10,4
DA:11,4
DA:18,4
DA:19,1
DA:22,1
DA:24,1
DA:26,1
DA:28,1
DA:31,0
DA:33,0
DA:35,0
DA:36,0
DA:39,1
DA:42,4
DA:43,0
DA:44,0
DA:45,0
DA:47,0
DA:48,0
DA:49,0
DA:50,0
DA:51,0
DA:52,0
DA:55,0
DA:58,4
DA:59,0
DA:60,0
DA:61,0
DA:63,0
DA:64,0
DA:66,0
DA:67,0
DA:68,0
DA:69,0
DA:71,0
DA:72,0
DA:73,0
DA:74,0
DA:76,0
DA:77,0
DA:78,0
DA:79,0
DA:82,0
DA:83,0
DA:84,0
DA:85,0
DA:86,0
DA:87,0
DA:88,0
DA:89,0
DA:90,0
DA:93,0
DA:96,4
LF:54
LH:13
BRDA:22,0,0,1
BRDA:22,0,1,0
BRDA:47,1,0,0
BRDA:47,1,1,0
BRDA:66,2,0,0
BRDA:66,2,1,0
BRDA:66,3,0,0
BRDA:66,3,1,0
BRDA:71,4,0,0
BRDA:71,4,1,0
BRDA:71,5,0,0
BRDA:71,5,1,0
BRDA:76,6,0,0
BRDA:76,6,1,0
BRDA:76,7,0,0
BRDA:76,7,1,0
BRDA:82,8,0,0
BRDA:82,8,1,0
BRDA:82,9,0,0
BRDA:82,9,1,0
BRDA:82,9,2,0
BRDA:86,10,0,0
BRDA:86,10,1,0
BRDA:86,11,0,0
BRDA:86,11,1,0
BRDA:97,12,0,4
BRDA:97,12,1,0
BRF:27
BRH:2
end_of_record
TN:
SF:src\utils\HttpHelper.js
FN:11,(anonymous_0)
FNF:1
FNH:1
FNDA:5,(anonymous_0)
DA:11,5
LF:1
LH:1
BRF:0
BRH:0
end_of_record
TN:
SF:src\utils\constants.js
FNF:0
FNH:0
DA:1,3
LF:1
LH:1
BRF:0
BRH:0
end_of_record
